--- NEW PIPELINE RUN ---
Topic: "describe about hinduism"
Duration: "30 seconds"
Language: "English"
Voiceover: "Female"
Aspect Ratio: "16:9"
------------------------

Assets will be saved to: C:\Users\USER\OneDrive\Desktop\1222\output_1783059260259
Cleanup: Automatically deleting old output folder: output_1783058942342
Cleanup: Automatically deleting old output folder: output_1783058472759
Cleanup: Automatically deleting old output folder: output_1783057536894
Cleanup: Automatically deleting old output folder: output_1783057313371
Checking for blocking modals...
Dismissed welcome modal.
Locating Meta AI row in sidebar...
Clicking Meta AI row...
Writing unified script generation prompt to text field (expecting exactly 10 scenes)...
Pressing Enter key to send prompt as a single message...
Message sent! Polling for completed 10-scene script reply from Meta AI...
Waiting 6 seconds for script stream to fully settle...

--- SCRIPT RECEIVED ---
Got it — here’s a 30s educational reel script on Hinduism. No characters, female voiceover, 16:9.

**Title:** Hinduism In Seconds

**STEP 4 - SCRIPT:**  
Hinduism is ancient and diverse. It honors many gods. Karma shapes every life. Dharma guides right action. Rebirth follows each death. Yoga unites body mind. Vedas hold sacred wisdom. Temples welcome all seekers. Festivals bring joy together. Peace begins from within.

**STEP 5 - SCENE BREAKDOWN:**

Scene 1  
Narration: Hinduism is ancient and beautifully diverse.  
Image Prompt: /imagine ancient stone temple at sunrise, wide shot, warm golden lighting, cinematic realistic photo style, vertical 9:16 composition, no text or watermark in image

Scene 2  
Narration: Millions honor many gods together.  
Image Prompt: /imagine colorful statues of Hindu deities in temple, medium shot, soft ambient lighting, cinematic realistic photo style, vertical 9:16 composition, no text or watermark in image

Scene 3  
Narration: Karma shapes every life path.  
Image Prompt: /imagine hands releasing flower petals into river, close-up, gentle morning light, cinematic realistic photo style, vertical 9:16 composition, no text or watermark in image

Scene 4  
Narration: Dharma guides right daily action.  
Image Prompt: /imagine person meditating at dawn on grass, wide shot, misty calm lighting, cinematic realistic photo style, vertical 9:16 composition, no text or watermark in image

Scene 5  
Narration: Belief in rebirth continues cycles.  
Image Prompt: /imagine symbolic spiral mandala drawn in sand, top-down shot, soft shadow play, cinematic realistic photo style, vertical 9:16 composition, no text or watermark in image

Scene 6  
Narration: Yoga unites body and mind.  
Image Prompt: /imagine woman practicing yoga pose by lake, medium shot, cool blue hour lighting, cinematic realistic photo style, vertical 9:16 composition, no text or watermark in image

Scene 7  
Narration: Vedas hold sacred ancient wisdom.  
Image Prompt: /imagine old Sanskrit palm leaf manuscripts, close-up, warm lamplight, cinematic realistic photo style, vertical 9:16 composition, no text or watermark in image

Scene 8  
Narration: Temples welcome all true seekers.  
Image Prompt: /imagine grand temple doorway with devotees entering, wide shot, bright midday lighting, cinematic realistic photo style, vertical 9:16 composition, no text or watermark in image

Scene 9  
Narration: Festivals bring communities joyful light.  
Image Prompt: /imagine Diwali diyas glowing at dusk, medium shot, vibrant warm lighting, cinematic realistic photo style, vertical 9:16 composition, no text or watermark in image

Scene 10  
Narration: Inner peace begins with you.  
Image Prompt: /imagine person with eyes closed smiling calmly, close-up, soft natural lighting, cinematic realistic photo style, vertical 9:16 composition, no text or watermark in image

**FINAL CHECK:**  
All 10 scenes: 6-10 words each ✓  
Narration in English ✓  
Exactly 10 scenes covering hook → closing ✓
-----------------------

Successfully parsed 10 scenes.
Using Voice Code: en-US-AriaNeural for language: English, voiceover: Female
Generating Edge TTS voiceover using voice: en-US-AriaNeural (Attempt #1/3)...
SUCCESS: Saved audio file to: C:\Users\USER\OneDrive\Desktop\1222\output_1783059260259\scene_1_audio.mp3
Generating Edge TTS voiceover using voice: en-US-AriaNeural (Attempt #1/3)...
SUCCESS: Saved audio file to: C:\Users\USER\OneDrive\Desktop\1222\output_1783059260259\scene_2_audio.mp3
Generating Edge TTS voiceover using voice: en-US-AriaNeural (Attempt #1/3)...
SUCCESS: Saved audio file to: C:\Users\USER\OneDrive\Desktop\1222\output_1783059260259\scene_3_audio.mp3
Generating Edge TTS voiceover using voice: en-US-AriaNeural (Attempt #1/3)...
SUCCESS: Saved audio file to: C:\Users\USER\OneDrive\Desktop\1222\output_1783059260259\scene_4_audio.mp3
Generating Edge TTS voiceover using voice: en-US-AriaNeural (Attempt #1/3)...
SUCCESS: Saved audio file to: C:\Users\USER\OneDrive\Desktop\1222\output_1783059260259\scene_5_audio.mp3
Generating Edge TTS voiceover using voice: en-US-AriaNeural (Attempt #1/3)...
SUCCESS: Saved audio file to: C:\Users\USER\OneDrive\Desktop\1222\output_1783059260259\scene_6_audio.mp3
Generating Edge TTS voiceover using voice: en-US-AriaNeural (Attempt #1/3)...
SUCCESS: Saved audio file to: C:\Users\USER\OneDrive\Desktop\1222\output_1783059260259\scene_7_audio.mp3
Generating Edge TTS voiceover using voice: en-US-AriaNeural (Attempt #1/3)...
SUCCESS: Saved audio file to: C:\Users\USER\OneDrive\Desktop\1222\output_1783059260259\scene_8_audio.mp3
Generating Edge TTS voiceover using voice: en-US-AriaNeural (Attempt #1/3)...
SUCCESS: Saved audio file to: C:\Users\USER\OneDrive\Desktop\1222\output_1783059260259\scene_9_audio.mp3
Generating Edge TTS voiceover using voice: en-US-AriaNeural (Attempt #1/3)...
SUCCESS: Saved audio file to: C:\Users\USER\OneDrive\Desktop\1222\output_1783059260259\scene_10_audio.mp3

Starting sequential image generation loop for parsed scenes...


========================================
[SCENE 1/10]
Prompt: "/imagine ancient stone temple at sunrise, wide shot, warm golden lighting, cinematic realistic photo style, vertical 9:16 composition, no text or watermark in image"
========================================
Attempt #1 to generate image for Scene 1...
Prompt sent! Waiting for Meta AI response...
Waiting for media payload to settle/download...
SUCCESS: Image saved via direct URL download to: C:\Users\USER\OneDrive\Desktop\1222\output_1783059260259\scene_1_image.jpeg

========================================
[SCENE 2/10]
Prompt: "/imagine colorful statues of Hindu deities in temple, medium shot, soft ambient lighting, cinematic realistic photo style, vertical 9:16 composition, no text or watermark in image"
========================================
Attempt #1 to generate image for Scene 2...
Prompt sent! Waiting for Meta AI response...
Waiting for media payload to settle/download...
SUCCESS: Image saved via direct URL download to: C:\Users\USER\OneDrive\Desktop\1222\output_1783059260259\scene_2_image.jpeg

========================================
[SCENE 3/10]
Prompt: "/imagine hands releasing flower petals into river, close-up, gentle morning light, cinematic realistic photo style, vertical 9:16 composition, no text or watermark in image"
========================================
Attempt #1 to generate image for Scene 3...
Prompt sent! Waiting for Meta AI response...
Waiting for media payload to settle/download...
SUCCESS: Image saved via direct URL download to: C:\Users\USER\OneDrive\Desktop\1222\output_1783059260259\scene_3_image.jpeg

========================================
[SCENE 4/10]
Prompt: "/imagine person meditating at dawn on grass, wide shot, misty calm lighting, cinematic realistic photo style, vertical 9:16 composition, no text or watermark in image"
========================================
Attempt #1 to generate image for Scene 4...
Prompt sent! Waiting for Meta AI response...
Waiting for media payload to settle/download...
SUCCESS: Image saved via direct URL download to: C:\Users\USER\OneDrive\Desktop\1222\output_1783059260259\scene_4_image.jpeg

========================================
[SCENE 5/10]
Prompt: "/imagine symbolic spiral mandala drawn in sand, top-down shot, soft shadow play, cinematic realistic photo style, vertical 9:16 composition, no text or watermark in image"
========================================
Attempt #1 to generate image for Scene 5...
Prompt sent! Waiting for Meta AI response...
Waiting for media payload to settle/download...
SUCCESS: Image saved via direct URL download to: C:\Users\USER\OneDrive\Desktop\1222\output_1783059260259\scene_5_image.jpeg

========================================
[SCENE 6/10]
Prompt: "/imagine woman practicing yoga pose by lake, medium shot, cool blue hour lighting, cinematic realistic photo style, vertical 9:16 composition, no text or watermark in image"
========================================
Attempt #1 to generate image for Scene 6...
Prompt sent! Waiting for Meta AI response...
Waiting for media payload to settle/download...
SUCCESS: Image saved via direct URL download to: C:\Users\USER\OneDrive\Desktop\1222\output_1783059260259\scene_6_image.jpeg

========================================
[SCENE 7/10]
Prompt: "/imagine old Sanskrit palm leaf manuscripts, close-up, warm lamplight, cinematic realistic photo style, vertical 9:16 composition, no text or watermark in image"
========================================
Attempt #1 to generate image for Scene 7...
Prompt sent! Waiting for Meta AI response...
Waiting for media payload to settle/download...
SUCCESS: Image saved via direct URL download to: C:\Users\USER\OneDrive\Desktop\1222\output_1783059260259\scene_7_image.jpeg

========================================
[SCENE 8/10]
Prompt: "/imagine grand temple doorway with devotees entering, wide shot, bright midday lighting, cinematic realistic photo style, vertical 9:16 composition, no text or watermark in image"
========================================
Attempt #1 to generate image for Scene 8...
Prompt sent! Waiting for Meta AI response...
Waiting for media payload to settle/download...
SUCCESS: Image saved via direct URL download to: C:\Users\USER\OneDrive\Desktop\1222\output_1783059260259\scene_8_image.jpeg

========================================
[SCENE 9/10]
Prompt: "/imagine Diwali diyas glowing at dusk, medium shot, vibrant warm lighting, cinematic realistic photo style, vertical 9:16 composition, no text or watermark in image"
========================================
Attempt #1 to generate image for Scene 9...
Prompt sent! Waiting for Meta AI response...
Waiting for media payload to settle/download...
SUCCESS: Image saved via direct URL download to: C:\Users\USER\OneDrive\Desktop\1222\output_1783059260259\scene_9_image.jpeg

========================================
[SCENE 10/10]
Prompt: "/imagine person with eyes closed smiling calmly, close-up, soft natural lighting, cinematic realistic photo style, vertical 9:16 composition, no text or watermark in image

**FINAL CHECK:**  
All 10 scenes: 6-10 words each ✓  
Narration in English ✓  
Exactly 10 scenes covering hook → closing ✓"
========================================
Attempt #1 to generate image for Scene 10...
Prompt sent! Waiting for Meta AI response...
Waiting for media payload to settle/download...
SUCCESS: Image saved via direct URL download to: C:\Users\USER\OneDrive\Desktop\1222\output_1783059260259\scene_10_image.jpeg

========================================
ALL SCENES COMPLETED!
Assets folder: C:\Users\USER\OneDrive\Desktop\1222\output_1783059260259
========================================

Starting FFmpeg compilation to merge audios and images into a final video...
Autocut: Trimmed silence from Scene 1 audio.
Compiling Segment 1/10 (2.44s) with effect: zoom (left)...
Autocut: Trimmed silence from Scene 2 audio.
Compiling Segment 2/10 (1.98s) with effect: pan (top)...
Autocut: Trimmed silence from Scene 3 audio.
Compiling Segment 3/10 (1.71s) with effect: zoomout (right)...
Autocut: Trimmed silence from Scene 4 audio.
Compiling Segment 4/10 (1.94s) with effect: panzoom (bottom)...
Autocut: Trimmed silence from Scene 5 audio.
Compiling Segment 5/10 (2.13s) with effect: panzoomout (left)...
Autocut: Trimmed silence from Scene 6 audio.
Compiling Segment 6/10 (1.75s) with effect: zoom (top)...
Autocut: Trimmed silence from Scene 7 audio.
Compiling Segment 7/10 (2.07s) with effect: pan (right)...
Autocut: Trimmed silence from Scene 8 audio.
Compiling Segment 8/10 (1.92s) with effect: zoomout (bottom)...
Autocut: Trimmed silence from Scene 9 audio.
Compiling Segment 9/10 (2.32s) with effect: panzoom (left)...
Autocut: Trimmed silence from Scene 10 audio.
Compiling Segment 10/10 (1.55s) with effect: panzoomout (top)...
Concatenating video segments into final_video.mp4...
SUCCESS: Video compiled and saved to: C:\Users\USER\OneDrive\Desktop\1222\output_1783059260259\final_video.mp4
